<?xml version="1.0" encoding="UTF-8" ?>
<testsuite tests="6" failures="0" name="proyecto.proyecalculador.CalculatorTest" time="0.011" errors="0" skipped="0">
  <properties>
[...]
</properties>
  <testcase classname="proyecto.proyecalculador.CalculatorTest" name="testAdd" time="0.011"/>
  <testcase classname="proyecto.proyecalculador.CalculatorTest" name="testResta" time="0"/>
  <testcase classname="proyecto.proyecalculador.CalculatorTest" name="testDivision1" time="0"/>
  <testcase classname="proyecto.proyecalculador.CalculatorTest" name="testDivision2" time="0"/>
  <testcase classname="proyecto.proyecalculador.CalculatorTest" name="testProducto" time="0"/>
  <testcase classname="proyecto.proyecalculador.CalculatorTest" name="testDivision" time="0"/>
</testsuite>